This is pdfTeX, Version 3.141592653-2.6-1.40.22 (TeX Live 2022/dev/Debian) (preloaded format=pdflatex 2023.3.24)  28 MAY 2023 17:58
entering extended mode
 restricted \write18 enabled.
 file:line:error style messages enabled.
 %&-line parsing enabled.
**/home/mendes/Desktop/PDS/Resumos/Resumos.tex
(/home/mendes/Desktop/PDS/Resumos/Resumos.tex
LaTeX2e <2021-11-15> patch level 1
L3 programming layer <2022-01-21> (/usr/share/texlive/texmf-dist/tex/latex/base/article.cls
Document Class: article 2021/10/04 v1.4n Standard LaTeX document class
(/usr/share/texlive/texmf-dist/tex/latex/base/size10.clo
File: size10.clo 2021/10/04 v1.4n Standard LaTeX file (size option)
)
\c@part=\count185
\c@section=\count186
\c@subsection=\count187
\c@subsubsection=\count188
\c@paragraph=\count189
\c@subparagraph=\count190
\c@figure=\count191
\c@table=\count192
\abovecaptionskip=\skip47
\belowcaptionskip=\skip48
\bibindent=\dimen138
) (/usr/share/texlive/texmf-dist/tex/latex/base/inputenc.sty
Package: inputenc 2021/02/14 v1.3d Input encoding file
\inpenc@prehook=\toks16
\inpenc@posthook=\toks17
) (/usr/share/texlive/texmf-dist/tex/latex/tools/indentfirst.sty
Package: indentfirst 1995/11/23 v1.03 Indent first paragraph (DPC)
) (/usr/share/texlive/texmf-dist/tex/latex/titling/titling.sty
Package: titling 2009/09/04 v2.1d maketitle typesetting
\thanksmarkwidth=\skip49
\thanksmargin=\skip50
\droptitle=\skip51
) (/usr/share/texlive/texmf-dist/tex/latex/geometry/geometry.sty
Package: geometry 2020/01/02 v5.9 Page Geometry
 (/usr/share/texlive/texmf-dist/tex/latex/graphics/keyval.sty
Package: keyval 2014/10/28 v1.15 key=value parser (DPC)
\KV@toks@=\toks18
) (/usr/share/texlive/texmf-dist/tex/generic/iftex/ifvtex.sty
Package: ifvtex 2019/10/25 v1.7 ifvtex legacy package. Use iftex instead.
 (/usr/share/texlive/texmf-dist/tex/generic/iftex/iftex.sty
Package: iftex 2020/03/06 v1.0d TeX engine tests
))
\Gm@cnth=\count193
\Gm@cntv=\count194
\c@Gm@tempcnt=\count195
\Gm@bindingoffset=\dimen139
\Gm@wd@mp=\dimen140
\Gm@odd@mp=\dimen141
\Gm@even@mp=\dimen142
\Gm@layoutwidth=\dimen143
\Gm@layoutheight=\dimen144
\Gm@layouthoffset=\dimen145
\Gm@layoutvoffset=\dimen146
\Gm@dimlist=\toks19
) (/usr/share/texlive/texmf-dist/tex/latex/graphics/graphicx.sty
Package: graphicx 2021/09/16 v1.2d Enhanced LaTeX Graphics (DPC,SPQR)
 (/usr/share/texlive/texmf-dist/tex/latex/graphics/graphics.sty
Package: graphics 2021/03/04 v1.4d Standard LaTeX Graphics (DPC,SPQR)
 (/usr/share/texlive/texmf-dist/tex/latex/graphics/trig.sty
Package: trig 2021/08/11 v1.11 sin cos tan (DPC)
) (/usr/share/texlive/texmf-dist/tex/latex/graphics-cfg/graphics.cfg
File: graphics.cfg 2016/06/04 v1.11 sample graphics configuration
)
Package graphics Info: Driver file: pdftex.def on input line 107.
 (/usr/share/texlive/texmf-dist/tex/latex/graphics-def/pdftex.def
File: pdftex.def 2020/10/05 v1.2a Graphics/color driver for pdftex
))
\Gin@req@height=\dimen147
\Gin@req@width=\dimen148
) (/usr/share/texlive/texmf-dist/tex/latex/enumitem/enumitem.sty
Package: enumitem 2019/06/20 v3.9 Customized lists
\labelindent=\skip52
\enit@outerparindent=\dimen149
\enit@toks=\toks20
\enit@inbox=\box50
\enit@count@id=\count196
\enitdp@description=\count197
) (/usr/share/texlive/texmf-dist/tex/latex/fancyhdr/fancyhdr.sty
Package: fancyhdr 2021/01/28 v4.0.1 Extensive control of page headers and footers
\f@nch@headwidth=\skip53
\f@nch@O@elh=\skip54
\f@nch@O@erh=\skip55
\f@nch@O@olh=\skip56
\f@nch@O@orh=\skip57
\f@nch@O@elf=\skip58
\f@nch@O@erf=\skip59
\f@nch@O@olf=\skip60
\f@nch@O@orf=\skip61
) (/usr/share/texlive/texmf-dist/tex/generic/ulem/ulem.sty
\UL@box=\box51
\UL@hyphenbox=\box52
\UL@skip=\skip62
\UL@hook=\toks21
\UL@height=\dimen150
\UL@pe=\count198
\UL@pixel=\dimen151
\ULC@box=\box53
Package: ulem 2019/11/18
\ULdepth=\dimen152
) (/usr/share/texlive/texmf-dist/tex/latex/l3backend/l3backend-pdftex.def
File: l3backend-pdftex.def 2022-01-12 L3 backend support: PDF output (pdfTeX)
\l__color_backend_stack_int=\count199
\l__pdf_internal_box=\box54
) (./Resumos.aux)
\openout1 = `Resumos.aux'.

LaTeX Font Info:    Checking defaults for OML/cmm/m/it on input line 29.
LaTeX Font Info:    ... okay on input line 29.
LaTeX Font Info:    Checking defaults for OMS/cmsy/m/n on input line 29.
LaTeX Font Info:    ... okay on input line 29.
LaTeX Font Info:    Checking defaults for OT1/cmr/m/n on input line 29.
LaTeX Font Info:    ... okay on input line 29.
LaTeX Font Info:    Checking defaults for T1/cmr/m/n on input line 29.
LaTeX Font Info:    ... okay on input line 29.
LaTeX Font Info:    Checking defaults for TS1/cmr/m/n on input line 29.
LaTeX Font Info:    ... okay on input line 29.
LaTeX Font Info:    Checking defaults for OMX/cmex/m/n on input line 29.
LaTeX Font Info:    ... okay on input line 29.
LaTeX Font Info:    Checking defaults for U/cmr/m/n on input line 29.
LaTeX Font Info:    ... okay on input line 29.

*geometry* driver: auto-detecting
*geometry* detected driver: pdftex
*geometry* verbose mode - [ preamble ] result:
* driver: pdftex
* paper: a4paper
* layout: <same size as paper>
* layoutoffset:(h,v)=(0.0pt,0.0pt)
* modes: 
* h-part:(L,W,R)=(89.62709pt, 418.25368pt, 89.6271pt)
* v-part:(T,H,B)=(156.49014pt, 560.5193pt, 128.0374pt)
* \paperwidth=597.50787pt
* \paperheight=845.04684pt
* \textwidth=418.25368pt
* \textheight=560.5193pt
* \oddsidemargin=17.3571pt
* \evensidemargin=17.3571pt
* \topmargin=-54.59087pt
* \headheight=113.81102pt
* \headsep=25.0pt
* \topskip=10.0pt
* \footskip=113.81102pt
* \marginparwidth=65.0pt
* \marginparsep=11.0pt
* \columnsep=10.0pt
* \skip\footins=9.0pt plus 4.0pt minus 2.0pt
* \hoffset=0.0pt
* \voffset=0.0pt
* \mag=1000
* \@twocolumnfalse
* \@twosidefalse
* \@mparswitchfalse
* \@reversemarginfalse
* (1in=72.27pt=25.4mm, 1cm=28.453pt)

(/usr/share/texlive/texmf-dist/tex/context/base/mkii/supp-pdf.mkii
[Loading MPS to PDF converter (version 2006.09.02).]
\scratchcounter=\count266
\scratchdimen=\dimen153
\scratchbox=\box55
\nofMPsegments=\count267
\nofMParguments=\count268
\everyMPshowfont=\toks22
\MPscratchCnt=\count269
\MPscratchDim=\dimen154
\MPnumerator=\count270
\makeMPintoPDFobject=\count271
\everyMPtoPDFconversion=\toks23
) (/usr/share/texlive/texmf-dist/tex/latex/epstopdf-pkg/epstopdf-base.sty
Package: epstopdf-base 2020-01-24 v2.11 Base part for package epstopdf
Package epstopdf-base Info: Redefining graphics rule for `.eps' on input line 485.
 (/usr/share/texlive/texmf-dist/tex/latex/latexconfig/epstopdf-sys.cfg
File: epstopdf-sys.cfg 2010/07/13 v1.3 Configuration of (r)epstopdf for TeX Live
))
LaTeX Font Info:    External font `cmex10' loaded for size
(Font)              <12> on input line 33.
LaTeX Font Info:    External font `cmex10' loaded for size
(Font)              <8> on input line 33.
LaTeX Font Info:    External font `cmex10' loaded for size
(Font)              <6> on input line 33.
<UA.png, id=1, 368.37625pt x 137.51375pt>
File: UA.png Graphic file (type png)
<use UA.png>
Package pdftex.def Info: UA.png  used on input line 35.
(pdftex.def)             Requested size: 147.34789pt x 55.00452pt.
 [1

{/var/lib/texmf/fonts/map/pdftex/updmap/pdftex.map} <./UA.png>]
<Images/1.png, id=10, 943.525pt x 680.5425pt>
File: Images/1.png Graphic file (type png)
<use Images/1.png>
Package pdftex.def Info: Images/1.png  used on input line 87.
(pdftex.def)             Requested size: 283.05968pt x 204.16432pt.
<UA.jpg, id=12, 903.375pt x 903.375pt>
File: UA.jpg Graphic file (type jpg)
<use UA.jpg>
Package pdftex.def Info: UA.jpg  used on input line 88.
(pdftex.def)             Requested size: 9.02876pt x 9.02876pt.
 [1 <./UA.jpg>]
<Images/2.png, id=19, 979.66pt x 605.26125pt>
File: Images/2.png Graphic file (type png)
<use Images/2.png>
Package pdftex.def Info: Images/2.png  used on input line 98.
(pdftex.def)             Requested size: 391.85706pt x 242.1002pt.
File: UA.jpg Graphic file (type jpg)
<use UA.jpg>
Package pdftex.def Info: UA.jpg  used on input line 102.
(pdftex.def)             Requested size: 9.02876pt x 9.02876pt.
 [2 <./Images/1.png> <./Images/2.png>]
<Images/3.png, id=25, 775.89874pt x 478.78876pt>
File: Images/3.png Graphic file (type png)
<use Images/3.png>
Package pdftex.def Info: Images/3.png  used on input line 113.
(pdftex.def)             Requested size: 232.77141pt x 143.63773pt.
LaTeX Font Info:    External font `cmex10' loaded for size
(Font)              <7> on input line 132.
LaTeX Font Info:    External font `cmex10' loaded for size
(Font)              <5> on input line 132.
File: UA.jpg Graphic file (type jpg)
<use UA.jpg>
Package pdftex.def Info: UA.jpg  used on input line 160.
(pdftex.def)             Requested size: 9.02876pt x 9.02876pt.
 [3 <./Images/3.png>]
File: UA.jpg Graphic file (type jpg)
<use UA.jpg>
Package pdftex.def Info: UA.jpg  used on input line 214.
(pdftex.def)             Requested size: 9.02876pt x 9.02876pt.
 [4]
<Images/4.png, id=34, 1072.005pt x 557.08125pt>
File: Images/4.png Graphic file (type png)
<use Images/4.png>
Package pdftex.def Info: Images/4.png  used on input line 256.
(pdftex.def)             Requested size: 321.60399pt x 167.12566pt.
File: UA.jpg Graphic file (type jpg)
<use UA.jpg>
Package pdftex.def Info: UA.jpg  used on input line 260.
(pdftex.def)             Requested size: 9.02876pt x 9.02876pt.
 [5 <./Images/4.png>]
<Images/5.png, id=39, 745.78625pt x 588.1975pt>
File: Images/5.png Graphic file (type png)
<use Images/5.png>
Package pdftex.def Info: Images/5.png  used on input line 278.
(pdftex.def)             Requested size: 298.30922pt x 235.27483pt.
File: UA.jpg Graphic file (type jpg)
<use UA.jpg>
Package pdftex.def Info: UA.jpg  used on input line 283.
(pdftex.def)             Requested size: 9.02876pt x 9.02876pt.
 [6 <./Images/5.png>]
<Images/6.png, id=45, 958.58125pt x 660.4675pt>
File: Images/6.png Graphic file (type png)
<use Images/6.png>
Package pdftex.def Info: Images/6.png  used on input line 290.
(pdftex.def)             Requested size: 287.5766pt x 198.14177pt.
<Images/7.png, id=46, 725.71124pt x 216.81pt>
File: Images/7.png Graphic file (type png)
<use Images/7.png>
Package pdftex.def Info: Images/7.png  used on input line 296.
(pdftex.def)             Requested size: 290.27936pt x 86.72246pt.
<Images/8.png, id=47, 891.33pt x 248.93pt>
File: Images/8.png Graphic file (type png)
<use Images/8.png>
Package pdftex.def Info: Images/8.png  used on input line 303.
(pdftex.def)             Requested size: 356.52568pt x 99.57022pt.
File: UA.jpg Graphic file (type jpg)
<use UA.jpg>
Package pdftex.def Info: UA.jpg  used on input line 308.
(pdftex.def)             Requested size: 9.02876pt x 9.02876pt.
 [7 <./Images/6.png> <./Images/7.png> <./Images/8.png>]
<Images/9.png, id=54, 816.04875pt x 486.81876pt>
File: Images/9.png Graphic file (type png)
<use Images/9.png>
Package pdftex.def Info: Images/9.png  used on input line 313.
(pdftex.def)             Requested size: 326.41371pt x 194.72404pt.

Overfull \hbox (14.31866pt too wide) in paragraph at lines 318--321
[]\OT1/cmr/m/n/10 Uma das metodolo-gias de de-sen-volvi-mento de Soft-ware mais co-muns designa-se \OT1/cmr/bx/n/10 Responsability-
 []


Overfull \hbox (5.85822pt too wide) in paragraph at lines 331--334
\OT1/cmr/m/n/10 sposta ^^Ra cria^^Xc~ao desta metodolo-gia, |   []   |   []   |   []   |   []   |   []   |   []   |   []   |   []
 []

File: UA.jpg Graphic file (type jpg)
<use UA.jpg>
Package pdftex.def Info: UA.jpg  used on input line 342.
(pdftex.def)             Requested size: 9.02876pt x 9.02876pt.
[8 <./Images/9.png>]
File: UA.jpg Graphic file (type jpg)
<use UA.jpg>
Package pdftex.def Info: UA.jpg  used on input line 374.
(pdftex.def)             Requested size: 9.02876pt x 9.02876pt.
 [9]
<Images/10.png, id=62, 819.06pt x 170.6375pt>
File: Images/10.png Graphic file (type png)
<use Images/10.png>
Package pdftex.def Info: Images/10.png  used on input line 407.
(pdftex.def)             Requested size: 409.52899pt x 85.31853pt.
<Images/11.png, id=63, 522.95375pt x 249.93375pt>
File: Images/11.png Graphic file (type png)
<use Images/11.png>
Package pdftex.def Info: Images/11.png  used on input line 415.
(pdftex.def)             Requested size: 209.1778pt x 99.97173pt.
File: UA.jpg Graphic file (type jpg)
<use UA.jpg>
Package pdftex.def Info: UA.jpg  used on input line 423.
(pdftex.def)             Requested size: 9.02876pt x 9.02876pt.
 [10 <./Images/10.png> <./Images/11.png>]
<Images/12.png, id=69, 649.42625pt x 249.93375pt>
File: Images/12.png Graphic file (type png)
<use Images/12.png>
Package pdftex.def Info: Images/12.png  used on input line 458.
(pdftex.def)             Requested size: 259.7659pt x 99.97173pt.
File: UA.jpg Graphic file (type jpg)
<use UA.jpg>
Package pdftex.def Info: UA.jpg  used on input line 462.
(pdftex.def)             Requested size: 9.02876pt x 9.02876pt.
 [11 <./Images/12.png>]
<Images/13.png, id=74, 591.20876pt x 362.35374pt>
File: Images/13.png Graphic file (type png)
<use Images/13.png>
Package pdftex.def Info: Images/13.png  used on input line 470.
(pdftex.def)             Requested size: 236.47931pt x 144.93892pt.
File: UA.jpg Graphic file (type jpg)
<use UA.jpg>
Package pdftex.def Info: UA.jpg  used on input line 498.
(pdftex.def)             Requested size: 9.02876pt x 9.02876pt.
 [12 <./Images/13.png>]
<Images/14.png, id=80, 660.4675pt x 317.185pt>
File: Images/14.png Graphic file (type png)
<use Images/14.png>
Package pdftex.def Info: Images/14.png  used on input line 520.
(pdftex.def)             Requested size: 330.23294pt x 158.5921pt.
<Images/15.png, id=81, 841.1425pt x 113.42375pt>
File: Images/15.png Graphic file (type png)
<use Images/15.png>
Package pdftex.def Info: Images/15.png  used on input line 531.
(pdftex.def)             Requested size: 420.57022pt x 56.71173pt.

Overfull \hbox (2.31654pt too wide) in paragraph at lines 531--532
 [] 
 []

File: UA.jpg Graphic file (type jpg)
<use UA.jpg>
Package pdftex.def Info: UA.jpg  used on input line 536.
(pdftex.def)             Requested size: 9.02876pt x 9.02876pt.
[13 <./Images/14.png> <./Images/15.png>]
<Images/16.png, id=87, 776.9025pt x 325.215pt>
File: Images/16.png Graphic file (type png)
<use Images/16.png>
Package pdftex.def Info: Images/16.png  used on input line 577.
(pdftex.def)             Requested size: 310.7555pt x 130.0837pt.
File: UA.jpg Graphic file (type jpg)
<use UA.jpg>
Package pdftex.def Info: UA.jpg  used on input line 599.
(pdftex.def)             Requested size: 9.02876pt x 9.02876pt.
 [14 <./Images/16.png>]
<Images/17.png, id=92, 746.79pt x 320.19624pt>
File: Images/17.png Graphic file (type png)
<use Images/17.png>
Package pdftex.def Info: Images/17.png  used on input line 630.
(pdftex.def)             Requested size: 373.39407pt x 160.09772pt.
File: UA.jpg Graphic file (type jpg)
<use UA.jpg>
Package pdftex.def Info: UA.jpg  used on input line 649.
(pdftex.def)             Requested size: 9.02876pt x 9.02876pt.
 [15 <./Images/17.png>]
<Images/18.png, id=97, 749.80125pt x 391.4625pt>
File: Images/18.png Graphic file (type png)
<use Images/18.png>
Package pdftex.def Info: Images/18.png  used on input line 673.
(pdftex.def)             Requested size: 299.91519pt x 156.58221pt.
File: UA.jpg Graphic file (type jpg)
<use UA.jpg>
Package pdftex.def Info: UA.jpg  used on input line 694.
(pdftex.def)             Requested size: 9.02876pt x 9.02876pt.
 [16 <./Images/18.png>]
<Images/19.png, id=102, 591.20876pt x 105.39375pt>
File: Images/19.png Graphic file (type png)
<use Images/19.png>
Package pdftex.def Info: Images/19.png  used on input line 718.
(pdftex.def)             Requested size: 236.47931pt x 42.15674pt.
<Images/20.png, id=103, 697.60625pt x 419.5675pt>
File: Images/20.png Graphic file (type png)
<use Images/20.png>
Package pdftex.def Info: Images/20.png  used on input line 727.
(pdftex.def)             Requested size: 279.03755pt x 167.82402pt.
File: UA.jpg Graphic file (type jpg)
<use UA.jpg>
Package pdftex.def Info: UA.jpg  used on input line 745.
(pdftex.def)             Requested size: 9.02876pt x 9.02876pt.
 [17 <./Images/19.png> <./Images/20.png>]
File: UA.jpg Graphic file (type jpg)
<use UA.jpg>
Package pdftex.def Info: UA.jpg  used on input line 818.
(pdftex.def)             Requested size: 9.02876pt x 9.02876pt.
 [18]
<Images/21.png, id=113, 316.18124pt x 146.5475pt>
File: Images/21.png Graphic file (type png)
<use Images/21.png>
Package pdftex.def Info: Images/21.png  used on input line 820.
(pdftex.def)             Requested size: 158.09023pt x 73.27356pt.
File: UA.jpg Graphic file (type jpg)
<use UA.jpg>
Package pdftex.def Info: UA.jpg  used on input line 874.
(pdftex.def)             Requested size: 9.02876pt x 9.02876pt.
 [19 <./Images/21.png>]
File: UA.jpg Graphic file (type jpg)
<use UA.jpg>
Package pdftex.def Info: UA.jpg  used on input line 944.
(pdftex.def)             Requested size: 9.02876pt x 9.02876pt.
 [20]
<Images/22.png, id=121, 715.67375pt x 399.4925pt>
File: Images/22.png Graphic file (type png)
<use Images/22.png>
Package pdftex.def Info: Images/22.png  used on input line 962.
(pdftex.def)             Requested size: 286.26442pt x 159.79416pt.
<Images/23.png, id=122, 685.56125pt x 751.80875pt>
File: Images/23.png Graphic file (type png)
<use Images/23.png>
Package pdftex.def Info: Images/23.png  used on input line 968.
(pdftex.def)             Requested size: 205.66995pt x 225.54436pt.
File: UA.jpg Graphic file (type jpg)
<use UA.jpg>
Package pdftex.def Info: UA.jpg  used on input line 972.
(pdftex.def)             Requested size: 9.02876pt x 9.02876pt.
 [21 <./Images/22.png> <./Images/23.png>]
<Images/24.png, id=128, 765.86125pt x 424.58624pt>
File: Images/24.png Graphic file (type png)
<use Images/24.png>
Package pdftex.def Info: Images/24.png  used on input line 1012.
(pdftex.def)             Requested size: 306.33907pt x 169.83148pt.
File: UA.jpg Graphic file (type jpg)
<use UA.jpg>
Package pdftex.def Info: UA.jpg  used on input line 1017.
(pdftex.def)             Requested size: 9.02876pt x 9.02876pt.
 [22 <./Images/24.png>]
<Images/25.png, id=133, 839.135pt x 281.05pt>
File: Images/25.png Graphic file (type png)
<use Images/25.png>
Package pdftex.def Info: Images/25.png  used on input line 1051.
(pdftex.def)             Requested size: 335.64804pt x 112.418pt.
File: UA.jpg Graphic file (type jpg)
<use UA.jpg>
Package pdftex.def Info: UA.jpg  used on input line 1057.
(pdftex.def)             Requested size: 9.02876pt x 9.02876pt.
 [23 <./Images/25.png>]
<Images/26.png, id=138, 757.83125pt x 379.4175pt>
File: Images/26.png Graphic file (type png)
<use Images/26.png>
Package pdftex.def Info: Images/26.png  used on input line 1068.
(pdftex.def)             Requested size: 378.9147pt x 189.70828pt.
File: UA.jpg Graphic file (type jpg)
<use UA.jpg>
Package pdftex.def Info: UA.jpg  used on input line 1098.
(pdftex.def)             Requested size: 9.02876pt x 9.02876pt.
 [24 <./Images/26.png>]
<Images/27.png, id=144, 769.87625pt x 480.79625pt>
File: Images/27.png Graphic file (type png)
<use Images/27.png>
Package pdftex.def Info: Images/27.png  used on input line 1103.
(pdftex.def)             Requested size: 307.94504pt x 192.31508pt.
<Images/28.png, id=145, 917.4275pt x 310.15875pt>
File: Images/28.png Graphic file (type png)
<use Images/28.png>
Package pdftex.def Info: Images/28.png  used on input line 1126.
(pdftex.def)             Requested size: 366.96451pt x 124.0613pt.
File: UA.jpg Graphic file (type jpg)
<use UA.jpg>
Package pdftex.def Info: UA.jpg  used on input line 1130.
(pdftex.def)             Requested size: 9.02876pt x 9.02876pt.
 [25 <./Images/27.png> <./Images/28.png>]
<Images/29.png, id=151, 917.4275pt x 472.76625pt>
File: Images/29.png Graphic file (type png)
<use Images/29.png>
Package pdftex.def Info: Images/29.png  used on input line 1132.
(pdftex.def)             Requested size: 458.71263pt x 236.38254pt.

Overfull \hbox (40.45895pt too wide) in paragraph at lines 1132--1133
 [] 
 []

<Images/30.png, id=152, 917.4275pt x 300.12125pt>
File: Images/30.png Graphic file (type png)
<use Images/30.png>
Package pdftex.def Info: Images/30.png  used on input line 1137.
(pdftex.def)             Requested size: 458.71263pt x 150.06026pt.

Overfull \hbox (40.45895pt too wide) in paragraph at lines 1137--1138
 [] 
 []

File: UA.jpg Graphic file (type jpg)
<use UA.jpg>
Package pdftex.def Info: UA.jpg  used on input line 1143.
(pdftex.def)             Requested size: 9.02876pt x 9.02876pt.
[26 <./Images/29.png> <./Images/30.png>]
<Images/31.png, id=158, 801.99625pt x 300.12125pt>
File: Images/31.png Graphic file (type png)
<use Images/31.png>
Package pdftex.def Info: Images/31.png  used on input line 1176.
(pdftex.def)             Requested size: 400.99713pt x 150.06026pt.
File: UA.jpg Graphic file (type jpg)
<use UA.jpg>
Package pdftex.def Info: UA.jpg  used on input line 1192.
(pdftex.def)             Requested size: 9.02876pt x 9.02876pt.
 [27 <./Images/31.png>]
<Images/32.png, id=163, 821.0675pt x 667.49374pt>
File: Images/32.png Graphic file (type png)
<use Images/32.png>
Package pdftex.def Info: Images/32.png  used on input line 1213.
(pdftex.def)             Requested size: 410.53275pt x 333.74606pt.
File: UA.jpg Graphic file (type jpg)
<use UA.jpg>
Package pdftex.def Info: UA.jpg  used on input line 1217.
(pdftex.def)             Requested size: 9.02876pt x 9.02876pt.
 [28 <./Images/32.png>]
<Images/33.png, id=168, 821.0675pt x 225.84375pt>
File: Images/33.png Graphic file (type png)
<use Images/33.png>
Package pdftex.def Info: Images/33.png  used on input line 1219.
(pdftex.def)             Requested size: 410.53275pt x 112.92159pt.
<Images/34.png, id=169, 777.90625pt x 261.97874pt>
File: Images/34.png Graphic file (type png)
<use Images/34.png>
Package pdftex.def Info: Images/34.png  used on input line 1255.
(pdftex.def)             Requested size: 311.15698pt x 104.78964pt.
File: UA.jpg Graphic file (type jpg)
<use UA.jpg>
Package pdftex.def Info: UA.jpg  used on input line 1276.
(pdftex.def)             Requested size: 9.02876pt x 9.02876pt.
 [29 <./Images/33.png> <./Images/34.png>]
<Images/35.png, id=175, 849.1725pt x 331.2375pt>
File: Images/35.png Graphic file (type png)
<use Images/35.png>
Package pdftex.def Info: Images/35.png  used on input line 1303.
(pdftex.def)             Requested size: 424.5852pt x 165.61833pt.

Overfull \hbox (6.33153pt too wide) in paragraph at lines 1303--1304
 [] 
 []

File: UA.jpg Graphic file (type jpg)
<use UA.jpg>
Package pdftex.def Info: UA.jpg  used on input line 1318.
(pdftex.def)             Requested size: 9.02876pt x 9.02876pt.
[30 <./Images/35.png>]
<Images/36.png, id=181, 911.405pt x 786.94pt>
File: Images/36.png Graphic file (type png)
<use Images/36.png>
Package pdftex.def Info: Images/36.png  used on input line 1323.
(pdftex.def)             Requested size: 455.70139pt x 393.46904pt.

Overfull \hbox (37.44771pt too wide) in paragraph at lines 1323--1324
 [] 
 []

File: UA.jpg Graphic file (type jpg)
<use UA.jpg>
Package pdftex.def Info: UA.jpg  used on input line 1328.
(pdftex.def)             Requested size: 9.02876pt x 9.02876pt.
[31 <./Images/36.png>]
<Images/37.png, id=186, 745.78625pt x 347.2975pt>
File: Images/37.png Graphic file (type png)
<use Images/37.png>
Package pdftex.def Info: Images/37.png  used on input line 1354.
(pdftex.def)             Requested size: 372.89221pt x 173.64832pt.
File: UA.jpg Graphic file (type jpg)
<use UA.jpg>
Package pdftex.def Info: UA.jpg  used on input line 1383.
(pdftex.def)             Requested size: 9.02876pt x 9.02876pt.
 [32 <./Images/37.png>]
<Images/38.png, id=191, 697.60625pt x 760.8425pt>
File: Images/38.png Graphic file (type png)
<use Images/38.png>
Package pdftex.def Info: Images/38.png  used on input line 1388.
(pdftex.def)             Requested size: 418.56697pt x 456.50902pt.

Overfull \hbox (0.3133pt too wide) in paragraph at lines 1388--1389
 [] 
 []

File: UA.jpg Graphic file (type jpg)
<use UA.jpg>
Package pdftex.def Info: UA.jpg  used on input line 1393.
(pdftex.def)             Requested size: 9.02876pt x 9.02876pt.
[33 <./Images/38.png>]
File: UA.jpg Graphic file (type jpg)
<use UA.jpg>
Package pdftex.def Info: UA.jpg  used on input line 1456.
(pdftex.def)             Requested size: 9.02876pt x 9.02876pt.
 [34]
<Images/39.png, id=199, 734.745pt x 264.99pt>
File: Images/39.png Graphic file (type png)
<use Images/39.png>
Package pdftex.def Info: Images/39.png  used on input line 1461.
(pdftex.def)             Requested size: 293.89279pt x 105.99411pt.
<Images/40.png, id=200, 824.07875pt x 265.99374pt>
File: Images/40.png Graphic file (type png)
<use Images/40.png>
Package pdftex.def Info: Images/40.png  used on input line 1493.
(pdftex.def)             Requested size: 412.03836pt x 132.99654pt.
File: UA.jpg Graphic file (type jpg)
<use UA.jpg>
Package pdftex.def Info: UA.jpg  used on input line 1502.
(pdftex.def)             Requested size: 9.02876pt x 9.02876pt.
 [35 <./Images/39.png> <./Images/40.png>]
<Images/41.png, id=206, 801.99625pt x 544.0325pt>
File: Images/41.png Graphic file (type png)
<use Images/41.png>
Package pdftex.def Info: Images/41.png  used on input line 1522.
(pdftex.def)             Requested size: 400.99713pt x 272.01558pt.
File: UA.jpg Graphic file (type jpg)
<use UA.jpg>
Package pdftex.def Info: UA.jpg  used on input line 1526.
(pdftex.def)             Requested size: 9.02876pt x 9.02876pt.
 [36 <./Images/41.png>]
<Images/42.png, id=212, 452.69125pt x 319.1925pt>
File: Images/42.png Graphic file (type png)
<use Images/42.png>
Package pdftex.def Info: Images/42.png  used on input line 1542.
(pdftex.def)             Requested size: 135.80841pt x 95.75848pt.
<Images/43.png, id=213, 629.35126pt x 378.41376pt>
File: Images/43.png Graphic file (type png)
<use Images/43.png>
Package pdftex.def Info: Images/43.png  used on input line 1553.
(pdftex.def)             Requested size: 251.73604pt x 151.36281pt.
File: UA.jpg Graphic file (type jpg)
<use UA.jpg>
Package pdftex.def Info: UA.jpg  used on input line 1574.
(pdftex.def)             Requested size: 9.02876pt x 9.02876pt.
 [37 <./Images/42.png> <./Images/43.png>]
<Images/44.png, id=219, 883.3pt x 414.54875pt>
File: Images/44.png Graphic file (type png)
<use Images/44.png>
Package pdftex.def Info: Images/44.png  used on input line 1579.
(pdftex.def)             Requested size: 441.64893pt x 207.27386pt.

Overfull \hbox (23.39525pt too wide) in paragraph at lines 1579--1580
 [] 
 []

<Images/45.png, id=220, 599.23875pt x 462.72874pt>
File: Images/45.png Graphic file (type png)
<use Images/45.png>
Package pdftex.def Info: Images/45.png  used on input line 1605.
(pdftex.def)             Requested size: 179.77301pt x 138.81969pt.
File: UA.jpg Graphic file (type jpg)
<use UA.jpg>
Package pdftex.def Info: UA.jpg  used on input line 1610.
(pdftex.def)             Requested size: 9.02876pt x 9.02876pt.
[38 <./Images/44.png> <./Images/45.png>]
<Images/46.png, id=226, 571.13374pt x 506.89375pt>
File: Images/46.png Graphic file (type png)
<use Images/46.png>
Package pdftex.def Info: Images/46.png  used on input line 1632.
(pdftex.def)             Requested size: 171.34145pt x 152.06929pt.
File: UA.jpg Graphic file (type jpg)
<use UA.jpg>
Package pdftex.def Info: UA.jpg  used on input line 1637.
(pdftex.def)             Requested size: 9.02876pt x 9.02876pt.
 [39 <./Images/46.png>]
<Images/47.png, id=231, 777.90625pt x 403.5075pt>
File: Images/47.png Graphic file (type png)
<use Images/47.png>
Package pdftex.def Info: Images/47.png  used on input line 1668.
(pdftex.def)             Requested size: 311.15698pt x 161.40013pt.
File: UA.jpg Graphic file (type jpg)
<use UA.jpg>
Package pdftex.def Info: UA.jpg  used on input line 1693.
(pdftex.def)             Requested size: 9.02876pt x 9.02876pt.
 [40 <./Images/47.png>]
<Images/48.png, id=236, 835.12pt x 486.81876pt>
File: Images/48.png Graphic file (type png)
<use Images/48.png>
Package pdftex.def Info: Images/48.png  used on input line 1698.
(pdftex.def)             Requested size: 459.31741pt x 267.75114pt.

Overfull \hbox (41.06374pt too wide) in paragraph at lines 1698--1699
 [] 
 []

<Images/49.png, id=237, 886.31125pt x 486.81876pt>
File: Images/49.png Graphic file (type png)
<use Images/49.png>
Package pdftex.def Info: Images/49.png  used on input line 1702.
(pdftex.def)             Requested size: 354.51822pt x 194.72404pt.
File: UA.jpg Graphic file (type jpg)
<use UA.jpg>
Package pdftex.def Info: UA.jpg  used on input line 1707.
(pdftex.def)             Requested size: 9.02876pt x 9.02876pt.
[41 <./Images/48.png> <./Images/49.png>]
<Images/50.png, id=243, 708.6475pt x 447.6725pt>
File: Images/50.png Graphic file (type png)
<use Images/50.png>
Package pdftex.def Info: Images/50.png  used on input line 1725.
(pdftex.def)             Requested size: 248.03033pt x 156.68771pt.
File: UA.jpg Graphic file (type jpg)
<use UA.jpg>
Package pdftex.def Info: UA.jpg  used on input line 1756.
(pdftex.def)             Requested size: 9.02876pt x 9.02876pt.
 [42 <./Images/50.png>]
<Images/51.png, id=249, 781.92125pt x 883.3pt>
File: Images/51.png Graphic file (type png)
<use Images/51.png>
Package pdftex.def Info: Images/51.png  used on input line 1761.
(pdftex.def)             Requested size: 430.05801pt x 485.81651pt.

Overfull \hbox (11.80434pt too wide) in paragraph at lines 1761--1762
 [] 
 []

File: UA.jpg Graphic file (type jpg)
<use UA.jpg>
Package pdftex.def Info: UA.jpg  used on input line 1766.
(pdftex.def)             Requested size: 9.02876pt x 9.02876pt.
[43 <./Images/51.png>]
<Images/52.png, id=254, 744.7825pt x 297.11pt>
File: Images/52.png Graphic file (type png)
<use Images/52.png>
Package pdftex.def Info: Images/52.png  used on input line 1786.
(pdftex.def)             Requested size: 260.67778pt x 103.99005pt.
File: UA.jpg Graphic file (type jpg)
<use UA.jpg>
Package pdftex.def Info: UA.jpg  used on input line 1811.
(pdftex.def)             Requested size: 9.02876pt x 9.02876pt.
 [44 <./Images/52.png>]
<Images/53.png, id=259, 851.18pt x 647.41875pt>
File: Images/53.png Graphic file (type png)
<use Images/53.png>
Package pdftex.def Info: Images/53.png  used on input line 1816.
(pdftex.def)             Requested size: 425.58894pt x 323.70857pt.

Overfull \hbox (7.33527pt too wide) in paragraph at lines 1816--1817
 [] 
 []

<Images/54.png, id=260, 868.24374pt x 429.605pt>
File: Images/54.png Graphic file (type png)
<use Images/54.png>
Package pdftex.def Info: Images/54.png  used on input line 1821.
(pdftex.def)             Requested size: 390.70607pt x 193.32045pt.
File: UA.jpg Graphic file (type jpg)
<use UA.jpg>
Package pdftex.def Info: UA.jpg  used on input line 1826.
(pdftex.def)             Requested size: 9.02876pt x 9.02876pt.
[45 <./Images/53.png> <./Images/54.png>]
<Images/55.png, id=266, 577.15625pt x 234.8775pt>
File: Images/55.png Graphic file (type png)
<use Images/55.png>
Package pdftex.def Info: Images/55.png  used on input line 1850.
(pdftex.def)             Requested size: 202.0077pt x 82.20834pt.
File: UA.jpg Graphic file (type jpg)
<use UA.jpg>
Package pdftex.def Info: UA.jpg  used on input line 1869.
(pdftex.def)             Requested size: 9.02876pt x 9.02876pt.
 [46 <./Images/55.png>]
<Images/56.png, id=271, 817.0525pt x 547.04375pt>
File: Images/56.png Graphic file (type png)
<use Images/56.png>
Package pdftex.def Info: Images/56.png  used on input line 1874.
(pdftex.def)             Requested size: 408.52525pt x 273.5212pt.
<Images/57.png, id=272, 776.9025pt x 282.05376pt>
File: Images/57.png Graphic file (type png)
<use Images/57.png>
Package pdftex.def Info: Images/57.png  used on input line 1879.
(pdftex.def)             Requested size: 388.45029pt x 141.02652pt.
File: UA.jpg Graphic file (type jpg)
<use UA.jpg>
Package pdftex.def Info: UA.jpg  used on input line 1885.
(pdftex.def)             Requested size: 9.02876pt x 9.02876pt.
 [47 <./Images/56.png> <./Images/57.png>]
<Images/58.png, id=278, 1400.23125pt x 470.75874pt>
File: Images/58.png Graphic file (type png)
<use Images/58.png>
Package pdftex.def Info: Images/58.png  used on input line 1906.
(pdftex.def)             Requested size: 420.07262pt x 141.22871pt.

Overfull \hbox (1.81894pt too wide) in paragraph at lines 1906--1907
 [] 
 []

<Images/59.png, id=279, 1266.7325pt x 827.09pt>
File: Images/59.png Graphic file (type png)
<use Images/59.png>
Package pdftex.def Info: Images/59.png  used on input line 1923.
(pdftex.def)             Requested size: 443.36302pt x 289.48582pt.

Overfull \hbox (25.10934pt too wide) in paragraph at lines 1923--1924
 [] 
 []

File: UA.jpg Graphic file (type jpg)
<use UA.jpg>
Package pdftex.def Info: UA.jpg  used on input line 1924.
(pdftex.def)             Requested size: 9.02876pt x 9.02876pt.
[48 <./Images/58.png>]
<Images/60.png, id=285, 766.865pt x 384.43625pt>
File: Images/60.png Graphic file (type png)
<use Images/60.png>
Package pdftex.def Info: Images/60.png  used on input line 1945.
(pdftex.def)             Requested size: 268.40677pt x 134.55469pt.
File: UA.jpg Graphic file (type jpg)
<use UA.jpg>
Package pdftex.def Info: UA.jpg  used on input line 1952.
(pdftex.def)             Requested size: 9.02876pt x 9.02876pt.
 [49 <./Images/59.png> <./Images/60.png>]
<Images/61.png, id=292, 1137.24875pt x 440.64626pt>
File: Images/61.png Graphic file (type png)
<use Images/61.png>
Package pdftex.def Info: Images/61.png  used on input line 1958.
(pdftex.def)             Requested size: 398.04303pt x 154.22849pt.
<Images/62.png, id=293, 1071.00125pt x 401.5pt>
File: Images/62.png Graphic file (type png)
<use Images/62.png>
Package pdftex.def Info: Images/62.png  used on input line 1962.
(pdftex.def)             Requested size: 374.85605pt x 140.5271pt.
<Images/63.png, id=294, 552.0625pt x 302.12875pt>
File: Images/63.png Graphic file (type png)
<use Images/63.png>
Package pdftex.def Info: Images/63.png  used on input line 1982.
(pdftex.def)             Requested size: 220.82108pt x 120.84935pt.
File: UA.jpg Graphic file (type jpg)
<use UA.jpg>
Package pdftex.def Info: UA.jpg  used on input line 1983.
(pdftex.def)             Requested size: 9.02876pt x 9.02876pt.
 [50 <./Images/61.png> <./Images/62.png>]
<Images/64.png, id=300, 1304.875pt x 482.80376pt>
File: Images/64.png Graphic file (type png)
<use Images/64.png>
Package pdftex.def Info: Images/64.png  used on input line 1999.
(pdftex.def)             Requested size: 456.71309pt x 168.98384pt.

Overfull \hbox (38.45941pt too wide) in paragraph at lines 1999--2000
 [] 
 []

<Images/65.png, id=301, 976.64874pt x 410.53375pt>
File: Images/65.png Graphic file (type png)
<use Images/65.png>
Package pdftex.def Info: Images/65.png  used on input line 2003.
(pdftex.def)             Requested size: 341.83218pt x 143.68896pt.
File: UA.jpg Graphic file (type jpg)
<use UA.jpg>
Package pdftex.def Info: UA.jpg  used on input line 2011.
(pdftex.def)             Requested size: 9.02876pt x 9.02876pt.
[51 <./Images/63.png> <./Images/64.png> <./Images/65.png>]
<Images/66.png, id=308, 976.64874pt x 410.53375pt>
File: Images/66.png Graphic file (type png)
<use Images/66.png>
Package pdftex.def Info: Images/66.png  used on input line 2022.
(pdftex.def)             Requested size: 341.83218pt x 143.68896pt.
<Images/67.png, id=309, 1083.04625pt x 735.74875pt>
File: Images/67.png Graphic file (type png)
<use Images/67.png>
Package pdftex.def Info: Images/67.png  used on input line 2045.
(pdftex.def)             Requested size: 379.07187pt x 257.51591pt.
File: UA.jpg Graphic file (type jpg)
<use UA.jpg>
Package pdftex.def Info: UA.jpg  used on input line 2046.
(pdftex.def)             Requested size: 9.02876pt x 9.02876pt.
 [52 <./Images/66.png>]
File: UA.jpg Graphic file (type jpg)
<use UA.jpg>
Package pdftex.def Info: UA.jpg  used on input line 2054.
(pdftex.def)             Requested size: 9.02876pt x 9.02876pt.
 [53 <./Images/67.png>] (./Resumos.aux) ) 
Here is how much of TeX's memory you used:
 3069 strings out of 480171
 49944 string characters out of 5894489
 343097 words of memory out of 5000000
 20953 multiletter control sequences out of 15000+600000
 473620 words of font info for 43 fonts, out of 8000000 for 9000
 59 hyphenation exceptions out of 8191
 55i,16n,62p,261b,482s stack positions out of 5000i,500n,10000p,200000b,80000s
</usr/share/texlive/texmf-dist/fonts/type1/public/amsfonts/cm/cmbx10.pfb></usr/share/texlive/texmf-dist/fonts/type1/public/amsfonts/cm/cmbx12.pfb></usr/share/texlive/texmf-dist/fonts/type1/public/amsfonts/cm/cmmi10.pfb></usr/share/texlive/texmf-dist/fonts/type1/public/amsfonts/cm/cmr10.pfb></usr/share/texlive/texmf-dist/fonts/type1/public/amsfonts/cm/cmr12.pfb></usr/share/texlive/texmf-dist/fonts/type1/public/amsfonts/cm/cmr17.pfb>
Output written on Resumos.pdf (54 pages, 8541073 bytes).
PDF statistics:
 347 PDF objects out of 1000 (max. 8388607)
 140 compressed objects within 2 object streams
 0 named destinations out of 1000 (max. 500000)
 346 words of extra memory for PDF output out of 10000 (max. 10000000)

